[    0.000000] Linux version 4.15.0-212-generic (buildd@lcy02-amd64-083) (gcc version 7.5.0 (Ubuntu 7.5.0-3ubuntu1~18.04)) #223-Ubuntu SMP Tue May 23 13:09:22 UTC 2023 (Ubuntu 4.15.0-212.223-generic 4.15.18)
[    0.000000] Command line: BOOT_IMAGE=/boot/vmlinuz-4.15.0-212-generic root=LABEL=cloudimg-rootfs ro console=tty1 console=ttyS0
[    0.000000] KERNEL supported cpus:
[    0.000000]   Intel GenuineIntel
[    0.000000]   AMD AuthenticAMD
[    0.000000]   Centaur CentaurHauls
[    0.000000] x86/fpu: x87 FPU will use FXSAVE
[    0.000000] e820: BIOS-provided physical RAM map:
[    0.000000] BIOS-e820: [mem 0x0000000000000000-0x000000000009fbff] usable
[    0.000000] BIOS-e820: [mem 0x000000000009fc00-0x000000000009ffff] reserved
[    0.000000] BIOS-e820: [mem 0x00000000000f0000-0x00000000000fffff] reserved
[    0.000000] BIOS-e820: [mem 0x0000000000100000-0x000000003ffeffff] usable
[    0.000000] BIOS-e820: [mem 0x000000003fff0000-0x000000003fffffff] ACPI data
[    0.000000] BIOS-e820: [mem 0x00000000fec00000-0x00000000fec00fff] reserved
[    0.000000] BIOS-e820: [mem 0x00000000fee00000-0x00000000fee00fff] reserved
[    0.000000] BIOS-e820: [mem 0x00000000fffc0000-0x00000000ffffffff] reserved
[    0.000000] NX (Execute Disable) protection: active
[    0.000000] SMBIOS 2.5 present.
[    0.000000] DMI: innotek GmbH VirtualBox/VirtualBox, BIOS VirtualBox 12/01/2006
[    0.000000] Hypervisor detected: KVM
[    0.000000] e820: last_pfn = 0x3fff0 max_arch_pfn = 0x400000000
[    0.000000] MTRR: Disabled
[    0.000000] x86/PAT: MTRRs disabled, skipping PAT initialization too.
[    0.000000] CPU MTRRs all blank - virtualized system.
[    0.000000] x86/PAT: Configuration [0-7]: WB  WT  UC- UC  WB  WT  UC- UC  
[    0.000000] found SMP MP-table at [mem 0x0009fff0-0x0009ffff]
[    0.000000] Scanning 1 areas for low memory corruption
[    0.000000] RAMDISK: [mem 0x359cb000-0x36cdcfff]
[    0.000000] ACPI: Early table checksum verification disabled
[    0.000000] ACPI: RSDP 0x00000000000E0000 000024 (v02 VBOX  )
[    0.000000] ACPI: XSDT 0x000000003FFF0030 00003C (v01 VBOX   VBOXXSDT 00000001 ASL  00000061)
[    0.000000] ACPI: FACP 0x000000003FFF00F0 0000F4 (v04 VBOX   VBOXFACP 00000001 ASL  00000061)
[    0.000000] ACPI: DSDT 0x000000003FFF0610 002353 (v02 VBOX   VBOXBIOS 00000002 INTL 20100528)
[    0.000000] ACPI: FACS 0x000000003FFF0200 000040
[    0.000000] ACPI: FACS 0x000000003FFF0200 000040
[    0.000000] ACPI: APIC 0x000000003FFF0240 00005C (v02 VBOX   VBOXAPIC 00000001 ASL  00000061)
[    0.000000] ACPI: SSDT 0x000000003FFF02A0 00036C (v01 VBOX   VBOXCPUT 00000002 INTL 20100528)
[    0.000000] ACPI: Reserving FACP table memory at [mem 0x3fff00f0-0x3fff01e3]
[    0.000000] ACPI: Reserving DSDT table memory at [mem 0x3fff0610-0x3fff2962]
[    0.000000] ACPI: Reserving FACS table memory at [mem 0x3fff0200-0x3fff023f]
[    0.000000] ACPI: Reserving FACS table memory at [mem 0x3fff0200-0x3fff023f]
[    0.000000] ACPI: Reserving APIC table memory at [mem 0x3fff0240-0x3fff029b]
[    0.000000] ACPI: Reserving SSDT table memory at [mem 0x3fff02a0-0x3fff060b]
[    0.000000] No NUMA configuration found
[    0.000000] Faking a node at [mem 0x0000000000000000-0x000000003ffeffff]
[    0.000000] NODE_DATA(0) allocated [mem 0x3ffc5000-0x3ffeffff]
[    0.000000] kvm-clock: cpu 0, msr 0:3ff44001, primary cpu clock
[    0.000000] kvm-clock: Using msrs 4b564d01 and 4b564d00
[    0.000000] kvm-clock: using sched offset of 5448875355 cycles
[    0.000000] clocksource: kvm-clock: mask: 0xffffffffffffffff max_cycles: 0x1cd42e4dffb, max_idle_ns: 881590591483 ns
[    0.000000] Zone ranges:
[    0.000000]   DMA      [mem 0x0000000000001000-0x0000000000ffffff]
[    0.000000]   DMA32    [mem 0x0000000001000000-0x000000003ffeffff]
[    0.000000]   Normal   empty
[    0.000000]   Device   empty
[    0.000000] Movable zone start for each node
[    0.000000] Early memory node ranges
[    0.000000]   node   0: [mem 0x0000000000001000-0x000000000009efff]
[    0.000000]   node   0: [mem 0x0000000000100000-0x000000003ffeffff]
[    0.000000] Reserved but unavailable: 104 pages
[    0.000000] Initmem setup node 0 [mem 0x0000000000001000-0x000000003ffeffff]
[    0.000000] ACPI: PM-Timer IO Port: 0x4008
[    0.000000] IOAPIC[0]: apic_id 2, version 32, address 0xfec00000, GSI 0-23
[    0.000000] ACPI: INT_SRC_OVR (bus 0 bus_irq 0 global_irq 2 dfl dfl)
[    0.000000] ACPI: INT_SRC_OVR (bus 0 bus_irq 9 global_irq 9 low level)
[    0.000000] Using ACPI (MADT) for SMP configuration information
[    0.000000] smpboot: Allowing 2 CPUs, 0 hotplug CPUs
[    0.000000] PM: Registered nosave memory: [mem 0x00000000-0x00000fff]
[    0.000000] PM: Registered nosave memory: [mem 0x0009f000-0x0009ffff]
[    0.000000] PM: Registered nosave memory: [mem 0x000a0000-0x000effff]
[    0.000000] PM: Registered nosave memory: [mem 0x000f0000-0x000fffff]
[    0.000000] e820: [mem 0x40000000-0xfebfffff] available for PCI devices
[    0.000000] Booting paravirtualized kernel on KVM
[    0.000000] clocksource: refined-jiffies: mask: 0xffffffff max_cycles: 0xffffffff, max_idle_ns: 7645519600211568 ns
[    0.000000] setup_percpu: NR_CPUS:8192 nr_cpumask_bits:2 nr_cpu_ids:2 nr_node_ids:1
[    0.000000] percpu: Embedded 50 pages/cpu s167936 r8192 d28672 u1048576
[    0.000000] PV qspinlock hash table entries: 256 (order: 0, 4096 bytes)
[    0.000000] Built 1 zonelists, mobility grouping on.  Total pages: 257913
[    0.000000] Policy zone: DMA32
[    0.000000] Kernel command line: BOOT_IMAGE=/boot/vmlinuz-4.15.0-212-generic root=LABEL=cloudimg-rootfs ro console=tty1 console=ttyS0
[    0.000000] Memory: 982644K/1048120K available (12300K kernel code, 2477K rwdata, 4324K rodata, 2480K init, 2720K bss, 65476K reserved, 0K cma-reserved)
[    0.000000] SLUB: HWalign=64, Order=0-3, MinObjects=0, CPUs=2, Nodes=1
[    0.000000] ftrace: allocating 39508 entries in 155 pages
[    0.004000] Hierarchical RCU implementation.
[    0.004000] 	RCU restricting CPUs from NR_CPUS=8192 to nr_cpu_ids=2.
[    0.004000] 	Tasks RCU enabled.
[    0.004000] RCU: Adjusting geometry for rcu_fanout_leaf=16, nr_cpu_ids=2
[    0.004000] NR_IRQS: 524544, nr_irqs: 440, preallocated irqs: 16
[    0.004000] random: crng init done
[    0.004000] Console: colour VGA+ 80x25
[    0.004000] console [tty1] enabled
[    0.004000] console [ttyS0] enabled
[    0.004000] ACPI: Core revision 20170831
[    0.004000] ACPI: 2 ACPI AML tables successfully acquired and loaded
[    0.004000] APIC: Switch to symmetric I/O mode setup
[    0.004000] ..TIMER: vector=0x30 apic1=0 pin1=2 apic2=-1 pin2=-1
[    0.004007] tsc: Detected 2803.198 MHz processor
[    0.012031] Calibrating delay loop (skipped) preset value.. 5606.39 BogoMIPS (lpj=11212792)
[    0.016012] pid_max: default: 32768 minimum: 301
[    0.020183] Security Framework initialized
[    0.024011] Yama: becoming mindful.
[    0.028301] AppArmor: AppArmor initialized
[    0.044223] Dentry cache hash table entries: 131072 (order: 8, 1048576 bytes)
[    0.054372] Inode-cache hash table entries: 65536 (order: 7, 524288 bytes)
[    0.056193] Mount-cache hash table entries: 2048 (order: 2, 16384 bytes)
[    0.060206] Mountpoint-cache hash table entries: 2048 (order: 2, 16384 bytes)
[    0.070949] Last level iTLB entries: 4KB 0, 2MB 0, 4MB 0
[    0.072007] Last level dTLB entries: 4KB 0, 2MB 0, 4MB 0, 1GB 0
[    0.076011] Spectre V1 : Mitigation: usercopy/swapgs barriers and __user pointer sanitization
[    0.080010] Spectre V2 : Mitigation: Enhanced IBRS
[    0.084010] Spectre V2 : Spectre v2 / SpectreRSB mitigation: Filling RSB on context switch
[    0.088008] Spectre V2 : Spectre v2 / PBRSB-eIBRS: Retire a single CALL on VMEXIT
[    0.092008] RETBleed: Mitigation: Enhanced IBRS
[    0.096008] Speculative Store Bypass: Vulnerable
[    0.100414] Freeing SMP alternatives memory: 36K
[    0.226366] smpboot: CPU0: 11th Gen Intel(R) Core(TM) i7-1165G7 @ 2.80GHz (family: 0x6, model: 0x8c, stepping: 0x1)
[    0.229066] Performance Events: unsupported p6 CPU model 140 no PMU driver, software events only.
[    0.232264] Hierarchical SRCU implementation.
[    0.237982] NMI watchdog: Perf event create on CPU 0 failed with -2
[    0.244011] NMI watchdog: Perf NMI watchdog permanently disabled
[    0.252307] smp: Bringing up secondary CPUs ...
[    0.260507] x86: Booting SMP configuration:
[    0.264011] .... node  #0, CPUs:      #1
[    0.004000] kvm-clock: cpu 1, msr 0:3ff44041, secondary cpu clock
[    0.288000] TSC synchronization [CPU#0 -> CPU#1]:
[    0.288000] Measured 106096 cycles TSC warp between CPUs, turning off TSC clock.
[    0.288000] tsc: Marking TSC unstable due to check_tsc_sync_source failed
[    0.292436] smp: Brought up 1 node, 2 CPUs
[    0.296015] smpboot: Max logical packages: 1
[    0.304013] smpboot: Total of 2 processors activated (11212.79 BogoMIPS)
[    0.316018] devtmpfs: initialized
[    0.320334] x86/mm: Memory block size: 128MB
[    0.329054] evm: security.selinux
[    0.332002] evm: security.SMACK64
[    0.336041] evm: security.SMACK64EXEC
[    0.340002] evm: security.SMACK64TRANSMUTE
[    0.344009] evm: security.SMACK64MMAP
[    0.348003] evm: security.apparmor
[    0.352002] evm: security.ima
[    0.356007] evm: security.capability
[    0.364702] clocksource: jiffies: mask: 0xffffffff max_cycles: 0xffffffff, max_idle_ns: 7645041785100000 ns
[    0.368024] futex hash table entries: 512 (order: 3, 32768 bytes)
[    0.372502] pinctrl core: initialized pinctrl subsystem
[    0.380827] RTC time:  8:45:01, date: 10/30/24
[    0.386623] NET: Registered protocol family 16
[    0.388299] audit: initializing netlink subsys (disabled)
[    0.392450] audit: type=2000 audit(1730277906.763:1): state=initialized audit_enabled=0 res=1
[    0.424034] cpuidle: using governor ladder
[    0.428045] cpuidle: using governor menu
[    0.432205] ACPI: bus type PCI registered
[    0.436053] acpiphp: ACPI Hot Plug PCI Controller Driver version: 0.5
[    0.441675] PCI: Using configuration type 1 for base access
[    0.456378] HugeTLB registered 2.00 MiB page size, pre-allocated 0 pages
[    0.469409] ACPI: Added _OSI(Module Device)
[    0.472014] ACPI: Added _OSI(Processor Device)
[    0.476009] ACPI: Added _OSI(3.0 _SCP Extensions)
[    0.480010] ACPI: Added _OSI(Processor Aggregator Device)
[    0.484015] ACPI: Added _OSI(Linux-Dell-Video)
[    0.488020] ACPI: Added _OSI(Linux-Lenovo-NV-HDMI-Audio)
[    0.492010] ACPI: Added _OSI(Linux-HPI-Hybrid-Graphics)
[    0.498087] ACPI: Executed 1 blocks of module-level executable AML code
[    0.512228] ACPI: Interpreter enabled
[    0.516040] ACPI: (supports S0 S5)
[    0.520010] ACPI: Using IOAPIC for interrupt routing
[    0.528141] PCI: Using host bridge windows from ACPI; if necessary, use "pci=nocrs" and report a bug
[    0.532715] ACPI: Enabled 2 GPEs in block 00 to 07
[    0.561338] ACPI: PCI Root Bridge [PCI0] (domain 0000 [bus 00-ff])
[    0.564028] acpi PNP0A03:00: _OSC: OS supports [ASPM ClockPM Segments MSI]
[    0.573127] acpi PNP0A03:00: _OSC: not requesting OS control; OS requires [ExtendedConfig ASPM ClockPM MSI]
[    0.576036] acpi PNP0A03:00: fail to add MMCONFIG information, can't access extended PCI configuration space under this bridge.
[    0.581000] PCI host bridge to bus 0000:00
[    0.584014] pci_bus 0000:00: root bus resource [io  0x0000-0x0cf7 window]
[    0.588003] pci_bus 0000:00: root bus resource [io  0x0d00-0xffff window]
[    0.592012] pci_bus 0000:00: root bus resource [mem 0x000a0000-0x000bffff window]
[    0.596013] pci_bus 0000:00: root bus resource [mem 0x40000000-0xfdffffff window]
[    0.600012] pci_bus 0000:00: root bus resource [bus 00-ff]
[    0.628531] pci 0000:00:01.1: legacy IDE quirk: reg 0x10: [io  0x01f0-0x01f7]
[    0.632011] pci 0000:00:01.1: legacy IDE quirk: reg 0x14: [io  0x03f6]
[    0.636015] pci 0000:00:01.1: legacy IDE quirk: reg 0x18: [io  0x0170-0x0177]
[    0.640011] pci 0000:00:01.1: legacy IDE quirk: reg 0x1c: [io  0x0376]
[    0.695591] pci 0000:00:07.0: quirk: [io  0x4000-0x403f] claimed by PIIX4 ACPI
[    0.696043] pci 0000:00:07.0: quirk: [io  0x4100-0x410f] claimed by PIIX4 SMB
[    0.716844] ACPI: PCI Interrupt Link [LNKA] (IRQs 5 9 10 *11)
[    0.721963] ACPI: PCI Interrupt Link [LNKB] (IRQs 5 9 *10 11)
[    0.724214] ACPI: PCI Interrupt Link [LNKC] (IRQs 5 *9 10 11)
[    0.728639] ACPI: PCI Interrupt Link [LNKD] (IRQs 5 9 10 *11)
[    0.738044] SCSI subsystem initialized
[    0.744314] pci 0000:00:02.0: vgaarb: setting as boot VGA device
[    0.748000] pci 0000:00:02.0: vgaarb: VGA device added: decodes=io+mem,owns=io+mem,locks=none
[    0.748007] pci 0000:00:02.0: vgaarb: bridge control possible
[    0.752013] vgaarb: loaded
[    0.756279] ACPI: bus type USB registered
[    0.760054] usbcore: registered new interface driver usbfs
[    0.764140] usbcore: registered new interface driver hub
[    0.768061] usbcore: registered new device driver usb
[    0.776302] EDAC MC: Ver: 3.0.0
[    0.788284] PCI: Using ACPI for IRQ routing
[    0.794198] NetLabel: Initializing
[    0.796007] NetLabel:  domain hash size = 128
[    0.800007] NetLabel:  protocols = UNLABELED CIPSOv4 CALIPSO
[    0.804054] NetLabel:  unlabeled traffic allowed by default
[    0.812702] clocksource: Switched to clocksource kvm-clock
[    0.828828] VFS: Disk quotas dquot_6.6.0
[    0.828828] VFS: Dquot-cache hash table entries: 512 (order 0, 4096 bytes)
[    0.828828] AppArmor: AppArmor Filesystem Enabled
[    0.828828] pnp: PnP ACPI init
[    0.828828] pnp: PnP ACPI: found 3 devices
[    1.090609] clocksource: acpi_pm: mask: 0xffffff max_cycles: 0xffffff, max_idle_ns: 2085701024 ns
[    1.092637] NET: Registered protocol family 2
[    1.092637] IP idents hash table entries: 16384 (order: 5, 131072 bytes)
[    1.142419] TCP established hash table entries: 8192 (order: 4, 65536 bytes)
[    1.159987] TCP bind hash table entries: 8192 (order: 5, 131072 bytes)
[    1.177669] TCP: Hash tables configured (established 8192 bind 8192)
[    1.180901] UDP hash table entries: 512 (order: 2, 16384 bytes)
[    1.180901] UDP-Lite hash table entries: 512 (order: 2, 16384 bytes)
[    1.180901] NET: Registered protocol family 1
[    1.180901] pci 0000:00:00.0: Limiting direct PCI/PCI transfers
[    1.180901] pci 0000:00:01.0: Activating ISA DMA hang workarounds
[    1.256949] pci 0000:00:02.0: Video device with shadowed ROM at [mem 0x000c0000-0x000dffff]
[    1.260458] Unpacking initramfs...
[    2.648100] Freeing initrd memory: 19528K
[    2.657195] clocksource: tsc: mask: 0xffffffffffffffff max_cycles: 0x28680e0a5c3, max_idle_ns: 440795346756 ns
[    2.675810] platform rtc_cmos: registered platform RTC device (no PNP device found)
[    2.686921] Scanning for low memory corruption every 60 seconds
[    2.704290] Initialise system trusted keyrings
[    2.716607] Key type blacklist registered
[    2.728345] workingset: timestamp_bits=36 max_order=18 bucket_order=0
[    2.749685] zbud: loaded
[    2.760320] squashfs: version 4.0 (2009/01/31) Phillip Lougher
[    2.777259] fuse init (API version 7.26)
[    2.845110] Key type asymmetric registered
[    2.856437] Asymmetric key parser 'x509' registered
[    2.871447] Block layer SCSI generic (bsg) driver version 0.4 loaded (major 246)
[    2.891975] io scheduler noop registered
[    2.900985] io scheduler deadline registered
[    2.904876] io scheduler cfq registered (default)
[    2.926040] ACPI: AC Adapter [AC] (off-line)
[    2.928846] input: Power Button as /devices/LNXSYSTM:00/LNXPWRBN:00/input/input0
[    2.959714] ACPI: Power Button [PWRF]
[    2.969826] input: Sleep Button as /devices/LNXSYSTM:00/LNXSLPBN:00/input/input1
[    2.986878] ACPI: Sleep Button [SLPF]
[    3.001199] Serial: 8250/16550 driver, 32 ports, IRQ sharing enabled
[    3.005369] ACPI: Battery Slot [BAT0] (battery present)
[    3.065569] 00:02: ttyS0 at I/O 0x3f8 (irq = 4, base_baud = 115200) is a 16550A
[    3.143728] Linux agpgart interface v0.103
[    3.183043] loop: module loaded
[    3.199749] scsi host0: ata_piix
[    3.212749] scsi host1: ata_piix
[    3.223078] ata1: PATA max UDMA/33 cmd 0x1f0 ctl 0x3f6 bmdma 0xd000 irq 14
[    3.238562] ata2: PATA max UDMA/33 cmd 0x170 ctl 0x376 bmdma 0xd008 irq 15
[    3.255608] tun: Universal TUN/TAP device driver, 1.6
[    3.269794] PPP generic driver version 2.4.2
[    3.282778] ehci_hcd: USB 2.0 'Enhanced' Host Controller (EHCI) Driver
[    3.298634] ehci-pci: EHCI PCI platform driver
[    3.309446] ehci-platform: EHCI generic platform driver
[    3.321346] ohci_hcd: USB 1.1 'Open' Host Controller (OHCI) Driver
[    3.333982] ohci-pci: OHCI PCI platform driver
[    3.342563] ohci-platform: OHCI generic platform driver
[    3.355879] uhci_hcd: USB Universal Host Controller Interface driver
[    3.369821] i8042: PNP: PS/2 Controller [PNP0303:PS2K,PNP0f03:PS2M] at 0x60,0x64 irq 1,12
[    3.396781] serio: i8042 KBD port at 0x60,0x64 irq 1
[    3.409599] serio: i8042 AUX port at 0x60,0x64 irq 12
[    3.477701] mousedev: PS/2 mouse device common for all mice
[    3.497116] rtc_cmos rtc_cmos: rtc core: registered rtc_cmos as rtc0
[    3.514493] rtc_cmos rtc_cmos: alarms up to one day, 114 bytes nvram
[    3.527579] i2c /dev entries driver
[    3.539035] device-mapper: uevent: version 1.0.3
[    3.552919] device-mapper: ioctl: 4.37.0-ioctl (2017-09-20) initialised: dm-devel@redhat.com
[    3.575019] ledtrig-cpu: registered to indicate activity on CPUs
[    3.593705] input: AT Translated Set 2 keyboard as /devices/platform/i8042/serio0/input/input2
[    3.621637] NET: Registered protocol family 10
[    3.663404] Segment Routing with IPv6
[    3.673806] NET: Registered protocol family 17
[    3.686529] Key type dns_resolver registered
[    3.698557] mce: Using 0 MCE banks
[    3.705860] RAS: Correctable Errors collector initialized.
[    3.712575] sched_clock: Marking stable (3712431324, 0)->(6262504265, -2550072941)
[    3.726190] registered taskstats version 1
[    3.732198] Loading compiled-in X.509 certificates
[    3.754114] Loaded X.509 cert 'Build time autogenerated kernel key: b5b26778eaa3ab3a4a6cee031137706e947d12ad'
[    3.779325] Loaded X.509 cert 'Canonical Ltd. Live Patch Signing: 14df34d1a87cf37625abec039ef2bf521249b969'
[    3.803054] Loaded X.509 cert 'Canonical Ltd. Kernel Module Signing: 88f752e560a1e0737e31163a466ad7b70a850c19'
[    3.828788] blacklist: Loading compiled-in revocation X.509 certificates
[    3.845781] Loaded X.509 cert 'Canonical Ltd. Secure Boot Signing: 61482aa2830d0ab2ad5af10b7250da9033ddcef0'
[    3.869625] Loaded X.509 cert 'Canonical Ltd. Secure Boot Signing (2017): 242ade75ac4a15e50d50c84b0d45ff3eae707a03'
[    3.894049] Loaded X.509 cert 'Canonical Ltd. Secure Boot Signing (ESM 2018): 365188c1d374d6b07c3c8f240f8ef722433d6a8b'
[    3.919278] Loaded X.509 cert 'Canonical Ltd. Secure Boot Signing (2019): c0746fd6c5da3ae827864651ad66ae47fe24b3e8'
[    3.943674] Loaded X.509 cert 'Canonical Ltd. Secure Boot Signing (2021 v1): a8d54bbb3825cfb94fa13c9f8a594a195c107b8d'
[    3.971184] Loaded X.509 cert 'Canonical Ltd. Secure Boot Signing (2021 v2): 4cf046892d6fd3c9a5b03f98d845f90851dc6a8c'
[    3.993505] Loaded X.509 cert 'Canonical Ltd. Secure Boot Signing (2021 v3): 100437bb6de6e469b581e61cd66bce3ef4ed53af'
[    4.020730] Loaded X.509 cert 'Canonical Ltd. Secure Boot Signing (Ubuntu Core 2019): c1d57b8f6b743f23ee41f4f7ee292f06eecadfb9'
[    4.046350] zswap: loaded using pool lzo/zbud
[    4.087282] Key type big_key registered
[    4.097626] Key type trusted registered
[    4.119654] Key type encrypted registered
[    4.130569] AppArmor: AppArmor sha1 policy hashing enabled
[    4.142098] ima: No TPM chip found, activating TPM-bypass! (rc=-19)
[    4.156823] ima: Allocated hash algorithm: sha1
[    4.168439] evm: HMAC attrs: 0x1
[    4.179735]   Magic number: 12:363:777
[    4.190184] misc rfkill: hash matches
[    4.199616] rtc_cmos rtc_cmos: setting system clock to 2024-10-30 08:45:06 UTC (1730277906)
[    4.221298] BIOS EDD facility v0.16 2004-Jun-25, 0 devices found
[    4.235227] EDD information not available.
[    4.260727] Freeing unused kernel image memory: 2480K
[    4.284205] Write protecting the kernel read-only data: 20480k
[    4.296496] Freeing unused kernel image memory: 2008K
[    4.311592] Freeing unused kernel image memory: 1820K
[    4.336686] x86/mm: Checked W+X mappings: passed, no W+X pages found.
Loading, please wait...
starting version 237
[    4.641941] e1000: Intel(R) PRO/1000 Network Driver - version 7.3.21-k8-NAPI
[    4.656280] e1000: Copyright (c) 1999-2006 Intel Corporation.
[    4.680048] Fusion MPT base driver 3.04.20
[    4.690204] Copyright (c) 1999-2008 LSI Corporation
[    4.749759] Fusion MPT SPI Host driver 3.04.20
[    4.769718] SSE version of gcm_enc/dec engaged.
[    5.044820] input: ImExPS/2 Generic Explorer Mouse as /devices/platform/i8042/serio1/input/input4
[    6.159326] e1000 0000:00:03.0 eth0: (PCI:33MHz:32-bit) 02:3b:7b:b7:3b:2d
[    6.174697] e1000 0000:00:03.0 eth0: Intel(R) PRO/1000 Network Connection
[    6.202380] mptbase: ioc0: Initiating bringup
[    6.920545] ioc0: LSI53C1030 A0: Capabilities={Initiator}
[    8.086890] scsi host2: ioc0: LSI53C1030 A0, FwRev=00000000h, Ports=1, MaxQ=256, IRQ=20
[    8.421453] scsi 2:0:0:0: Direct-Access     VBOX     HARDDISK         1.0  PQ: 0 ANSI: 5
[    8.468434] scsi target2:0:0: Beginning Domain Validation
[    8.550283] scsi target2:0:0: Domain Validation skipping write tests
[    8.569253] scsi target2:0:0: Ending Domain Validation
[    8.585110] scsi target2:0:0: asynchronous
[    8.601054] scsi 2:0:1:0: Direct-Access     VBOX     HARDDISK         1.0  PQ: 0 ANSI: 5
[    8.976640] scsi target2:0:1: Beginning Domain Validation
[    8.998364] scsi target2:0:1: Domain Validation skipping write tests
[    9.004779] scsi target2:0:1: Ending Domain Validation
[    9.012493] scsi target2:0:1: asynchronous
[    9.052067] sd 2:0:0:0: [sda] 83886080 512-byte logical blocks: (42.9 GB/40.0 GiB)
[    9.073160] sd 2:0:0:0: Attached scsi generic sg0 type 0
[    9.085868] sd 2:0:0:0: [sda] Write Protect is off
[    9.102391] sd 2:0:1:0: Attached scsi generic sg1 type 0
[    9.118070] sd 2:0:0:0: [sda] Incomplete mode parameter data
[    9.133468] sd 2:0:0:0: [sda] Assuming drive cache: write through
[    9.152019] sd 2:0:1:0: [sdb] 20480 512-byte logical blocks: (10.5 MB/10.0 MiB)
[    9.169199] sd 2:0:1:0: [sdb] Write Protect is off
[    9.185851] sd 2:0:1:0: [sdb] Incomplete mode parameter data
[    9.201115] sd 2:0:1:0: [sdb] Assuming drive cache: write through
[    9.222172]  sda: sda1
[    9.242410] sd 2:0:0:0: [sda] Attached SCSI disk
[    9.263083] sd 2:0:1:0: [sdb] Attached SCSI disk
[    9.930300] e1000 0000:00:08.0 eth1: (PCI:33MHz:32-bit) 08:00:27:65:41:7d
[    9.950346] e1000 0000:00:08.0 eth1: Intel(R) PRO/1000 Network Connection
[    9.974987] e1000 0000:00:03.0 enp0s3: renamed from eth0
[   10.009731] e1000 0000:00:08.0 enp0s8: renamed from eth1
Begin: Loading essential drivers ... [   15.131155] raid6: sse2x1   gen() 85516 MB/s
[   16.124650] raid6: sse2x1   xor() 65933 MB/s
[   17.122342] raid6: sse2x2   gen() 135783 MB/s
[   19.134570] raid6: sse2x2   xor() 86615 MB/s
[   20.176908] raid6: sse2x4   gen()  6383 MB/s
[   20.246126] raid6: sse2x4   xor()  4553 MB/s
[   20.258449] raid6: using algorithm sse2x2 gen() 135783 MB/s
[   20.275040] raid6: .... xor() 86615 MB/s, rmw enabled
[   20.290349] raid6: using ssse3x2 recovery algorithm
[   20.310708] xor: measuring software checksum speed
[   20.360580]    prefetch64-sse:  9193.000 MB/sec
[   20.409485]    generic_sse:  7961.000 MB/sec
[   20.419888] xor: using function: prefetch64-sse (9193.000 MB/sec)
[   20.440331] async_tx: api initialized (async)
done.
Begin: Running /scripts/init-premount ... done.
Begin: Mounting root file system ... Begin: Running /scripts/local-top ... done.
Begin: Running /scripts/local-premount ... [   20.624655] Btrfs loaded, crc32c=crc32c-intel
Scanning for Btrfs filesystems
done.
Warning: fsck not present, so skipping root file system
[   20.735099] EXT4-fs (sda1): mounted filesystem with ordered data mode. Opts: (null)
done.
Begin: Running /scripts/local-bottom ... done.
Begin: Running /scripts/init-bottom ... done.
[   21.226070] ip_tables: (C) 2000-2006 Netfilter Core Team
[   21.274344] systemd[1]: systemd 237 running in system mode. (+PAM +AUDIT +SELINUX +IMA +APPARMOR +SMACK +SYSVINIT +UTMP +LIBCRYPTSETUP +GCRYPT +GNUTLS +ACL +XZ +LZ4 +SECCOMP +BLKID +ELFUTILS +KMOD -IDN2 +IDN -PCRE2 default-hierarchy=hybrid)
[   21.318147] systemd[1]: Detected virtualization oracle.
[   21.331908] systemd[1]: Detected architecture x86-64.

Welcome to [1mUbuntu 18.04.6 LTS[0m!

[   21.431711] systemd[1]: Set hostname to <ubuntu>.
[   21.463619] systemd[1]: Initializing machine ID from random generator.
[   21.481032] systemd[1]: Installed transient /etc/machine-id file.
[   22.167713] systemd[1]: Reached target User and Group Name Lookups.
[[0;32m  OK  [0m] Reached target User and Group Name Lookups.
[   22.189255] systemd[1]: Set up automount Arbitrary Executable File Formats File System Automount Point.
[[0;32m  OK  [0m] Set up automount Arbitrary Executab…rmats File System Automount Point.
[   22.218526] systemd[1]: Reached target Swap.
[[0;32m  OK  [0m] Reached target Swap.
[   22.234653] systemd[1]: Reached target System Time Synchronized.
[[0;32m  OK  [0m] Reached target System Time Synchronized.
[[0;32m  OK  [0m] Reached target Mounting snaps.
[[0;32m  OK  [0m] Reached target Mounted snaps.
[[0;32m  OK  [0m] Created slice User and Session Slice.
[[0;32m  OK  [0m] Created slice System Slice.
[[0;32m  OK  [0m] Created slice system-serial\x2dgetty.slice.
[[0;32m  OK  [0m] Listening on LVM2 poll daemon socket.
[[0;32m  OK  [0m] Listening on Journal Socket.
         Mounting Kernel Debug File System...
         Starting Create list of required st…ce nodes for the current kernel...
[[0;32m  OK  [0m] Listening on Network Service Netlink Socket.
         Starting Set the console keyboard layout...
[[0;32m  OK  [0m] Listening on fsck to fsckd communication Socket.
         Starting File System Check on Root Device...
[[0;32m  OK  [0m] Reached target Slices.
[[0;32m  OK  [0m] Listening on LVM2 metadata daemon socket.
         Starting Load Kernel Modules...
[[0;32m  OK  [0m] Listening on Journal Audit Socket.
[[0;32m  OK  [0m] Listening on udev Control Socket.
         Starting Uncomplicated firewall...
[   22.474054] Loading iSCSI transport class v2.0-870.
[[0;32m  OK  [0m] Listening on Device-mapper event daemon FIFOs.
         Starting Monitoring of LVM2 mirrors…ng dmeventd or progress polling...
[[0;32m  OK  [0m] Listening on Journal Socket (/dev/log).
[[0;32m  OK  [0m] Listening on Syslog Socket.
         Starting Journal Service...
[[0;32m  OK  [0m] Started Forward Password Requests to Wall Directory Watch.
[[0;32m  OK  [0m] Listening on udev Kernel Socket.
[[0;32m  OK  [0m] Listening on /dev/initctl Compatibility Named Pipe.
         Mounting Huge Pages File System...
         Mounting POSIX Message Queue File System...
         Starting udev Coldplug all Devices...
[[0;32m  OK  [0m] Mounted Kernel Debug File System.
[[0;32m  OK  [0m] Started Create list of required sta…vice nodes for the current kernel.
[[0;32m  OK  [0m] Started File System Check on Root Device.
[[0;32m  OK  [0m] Started Uncomplicated firewall.
[[0;32m  OK  [0m] Started File System Check Daemon to report status.
         Starting Remount Root and Kernel File Systems...
         Starting Create Static Device Nodes in /dev...
[[0;32m  OK  [0m] Mounted Huge Pages File System.
[[0;32m  OK  [0m] Mounted POSIX Message Queue File System.
[   22.753007] iscsi: registered transport (tcp)
[[0;32m  OK  [0m] Started Create Static Device Nodes in /dev.
[[0;32m  OK  [0m[   22.843263] EXT4-fs (sda1): re-mounted. Opts: (null)
] Started udev Coldplug all Devices.
[[0;32m  OK  [0m] Started Remount Root and Kernel File Systems.
[[0;32m  OK  [0m] Started LVM2 metadata daemon.
         Starting Load/Save Random Seed...
         Starting udev Kernel Device Manager...
[[0;32m  OK  [0m] Started Load/Save Random Seed.
[[0;32m  OK  [0m] Started Journal Service.
         Starting Flush Journal to Persistent Storage...
[[0;32m  OK  [0m] Started Monitoring of LVM2 mirrors,…sing dmeventd or progress polling.
[[0;32m  OK  [0m] Started udev Kernel Device Manager.
[   23.154137] systemd-journald[410]: Received request to flush runtime journal from PID 1
[   23.235760] iscsi: registered transport (iser)
[[0;32m  OK  [0m] Started Load Kernel Modules.
[[0;32m  OK  [0m] Started Flush Journal to Persistent Storage.
         Mounting FUSE Control File System...
         Starting Apply Kernel Variables...
         Mounting Kernel Configuration File System...
[[0;32m  OK  [0m] Mounted FUSE Control File System.
[[0;32m  OK  [0m] Mounted Kernel Configuration File System.
[[0;32m  OK  [0m] Started Apply Kernel Variables.
[[0;32m  OK  [0m] Found device /dev/ttyS0.
[[0;32m  OK  [0m] Listening on Load/Save RF Kill Switch Status /dev/rfkill Watch.
         Mounting Arbitrary Executable File Formats File System...
[[0;32m  OK  [0m] Started Set the console keyboard layout.
[[0;32m  OK  [0m] Mounted Arbitrary Executable File Formats File System.
[[0;32m  OK  [0m] Reached target Local File Systems (Pre).
[[0;32m  OK  [0m] Reached target Local File Systems.
         Starting Tell Plymouth To Write Out Runtime Data...
         Starting Commit a transient machine-id on disk...
         Starting Set console font and keymap...
         Starting AppArmor initialization...
         Starting ebtables ruleset management...
         Starting Create Volatile Files and Directories...
[[0;32m  OK  [0m] Started Dispatch Password Requests to Console Directory Watch.
[[0;32m  OK  [0m] Reached target Local Encrypted Volumes.
[[0;32m  OK  [0m] Started Tell Plymouth To Write Out Runtime Data.
[[0;32m  OK  [0m] Started Create Volatile Files and Directories.
         Starting Update UTMP about System Boot/Shutdown...
[[0;32m  OK  [0m] Started Update UTMP about System Boot/Shutdown.
[[0;32m  OK  [0m] Started Commit a transient machine-id on disk.
[[0;32m  OK  [0m] Started ebtables ruleset management.
[[0;32m  OK  [0m] Started AppArmor initialization.
         Starting Load AppArmor profiles managed internally by snapd...
         Starting Initial cloud-init job (pre-networking)...
[[0;32m  OK  [0m] Started Load AppArmor profiles managed internally by snapd.
[[0;32m  OK  [0m] Started Set console font and keymap.
[   31.728297] cloud-init[751]: Cloud-init v. 23.1.2-0ubuntu0~18.04.1 running 'init-local' at Wed, 30 Oct 2024 08:45:33 +0000. Up 30.82 seconds.
[[0;32m  OK  [0m] Started Initial cloud-init job (pre-networking).
[[0;32m  OK  [0m] Reached target Network (Pre).
         Starting Network Service...
[[0;32m  OK  [0m] Started Network Service.
         Starting Wait for Network to be Configured...
         Starting Network Name Resolution...
[[0;32m  OK  [0m] Started Network Name Resolution.
[[0;32m  OK  [0m] Reached target Host and Network Name Lookups.
[[0;32m  OK  [0m] Reached target Network.
[[0;32m  OK  [0m] Started Wait for Network to be Configured.
         Starting Initial cloud-init job (metadata service crawler)...
[   34.607573] cloud-init[903]: Cloud-init v. 23.1.2-0ubuntu0~18.04.1 running 'init' at Wed, 30 Oct 2024 08:45:36 +0000. Up 34.24 seconds.
[   34.618451] cloud-init[903]: ci-info: ++++++++++++++++++++++++++++++++++++++Net device info+++++++++++++++++++++++++++++++++++++++
[   34.629000] cloud-init[903]: ci-info: +--------+-------+----------------------------+---------------+--------+-------------------+
[   34.639883] cloud-init[903]: ci-info: | Device |   Up  |          Address           |      Mask     | Scope  |     Hw-Address    |
[   34.650553] cloud-init[903]: ci-info: +--------+-------+----------------------------+---------------+--------+-------------------+
[   34.659038] cloud-init[903]: ci-info: | enp0s3 |  True |         10.0.2.15          | 255.255.255.0 | global | 02:3b:7b:b7:3b:2d |
[   34.667607] cloud-init[903]: ci-info: | enp0s3 |  True | fe80::3b:7bff:feb7:3b2d/64 |       .       |  link  | 02:3b:7b:b7:3b:2d |
[   34.678628] cloud-init[903]: ci-info: | enp0s8 | False |             .              |       .       |   .    | 08:00:27:65:41:7d |
[   34.690530] cloud-init[903]: ci-info: |   lo   |  True |         127.0.0.1          |   255.0.0.0   |  host  |         .         |
[   34.699914] cloud-init[903]: ci-info: |   lo   |  True |          ::1/128           |       .       |  host  |         .         |
[   34.710893] cloud-init[903]: ci-info: +--------+-------+----------------------------+---------------+--------+-------------------+
[   34.722568] cloud-init[903]: ci-info: ++++++++++++++++++++++++++++Route IPv4 info+++++++++++++++++++++++++++++
[   34.734433] cloud-init[903]: ci-info: +-------+-------------+----------+-----------------+-----------+-------+
[   34.744767] cloud-init[903]: ci-info: | Route | Destination | Gateway  |     Genmask     | Interface | Flags |
[   34.757335] cloud-init[903]: ci-info: +-------+-------------+----------+-----------------+-----------+-------+
[   34.777631] cloud-init[903]: ci-info: |   0   |   0.0.0.0   | 10.0.2.2 |     0.0.0.0     |   enp0s3  |   UG  |
[   34.798238] cloud-init[903]: ci-info: |   1   |   10.0.2.0  | 0.0.0.0  |  255.255.255.0  |   enp0s3  |   U   |
[   34.817452] cloud-init[903]: ci-info: |   2   |   10.0.2.2  | 0.0.0.0  | 255.255.255.255 |   enp0s3  |   UH  |
[   34.835353] cloud-init[903]: ci-info: +-------+-------------+----------+-----------------+-----------+-------+
[   34.853655] cloud-init[903]: ci-info: +++++++++++++++++++Route IPv6 info+++++++++++++++++++
[   34.869930] cloud-init[903]: ci-info: +-------+-------------+---------+-----------+-------+
[   34.885857] cloud-init[903]: ci-info: | Route | Destination | Gateway | Interface | Flags |
[   34.897321] cloud-init[903]: ci-info: +-------+-------------+---------+-----------+-------+
[   34.913682] cloud-init[903]: ci-info: |   1   |  fe80::/64  |    ::   |   enp0s3  |   U   |
[   34.926552] cloud-init[903]: ci-info: |   3   |    local    |    ::   |   enp0s3  |   U   |
[   34.935955] cloud-init[903]: ci-info: |   4   |   ff00::/8  |    ::   |   enp0s3  |   U   |
[   34.954318] cloud-init[903]: ci-info: +-------+-------------+---------+-----------+-------+
[   37.249456] cloud-init[903]: Generating public/private rsa key pair.
[   37.261850] cloud-init[903]: Your identification has been saved in /etc/ssh/ssh_host_rsa_key.
[   37.271136] cloud-init[903]: Your public key has been saved in /etc/ssh/ssh_host_rsa_key.pub.
[   37.284112] cloud-init[903]: The key fingerprint is:
[   37.295988] cloud-init[903]: SHA256:qZW0PNQg4SeNBn3YkAFqYxnmui4BfxLKPQWHV0+iqmU root@ubuntu-bionic
[   37.310348] cloud-init[903]: The key's randomart image is:
[   37.321003] cloud-init[903]: +---[RSA 2048]----+
[   37.327354] cloud-init[903]: |  o +o*X..       |
[   37.337735] [[0;32m  OK  [0m] Started Initial cloud-init job (metadata service crawler).
[[0;32m  OK  [0m] Reached target Network is Online.
[[0;32m  OK  [0m] Reached target Remote File Systems (Pre).
[[0;32m  OK  [0m] Reached target Remote File Systems.
         Starting Availability of block devices...
[[0;32m  OK  [0m] Reached target System Initialization.
[[0;32m  OK  [0m] Listening on ACPID Listen Socket.
[[0;32m  OK  [0m] Listening on D-Bus System Message Bus Socket.
[[0;32m  OK  [0m] Started Ubuntu Advantage Timer for running repeated jobs.
         Starting LXD - unix socket.
[[0;32m  OK  [0m] Started Daily apt download activities.
[[0;32m  OK  [0m] Started Message of the Day.
[[0;32m  OK  [0m] Listening on cloud-init hotplug hook socket.
[[0;32m  OK  [0m] Listening on Open-iSCSI iscsid Socket.
         Starting Socket activation for snappy daemon.
[[0;32m  OK  [0m] Started Discard unused blocks once a week.
[[0;32m  OK  [0m] Listening on UUID daemon activation socket.
[[0;32m  OK  [0m] Started ACPI Events Check.
[[0;32m  OK  [0m] Reached target Paths.
[[0;32m  OK  [0m] Started Daily Cleanup of Temporary Directories.
[[0;32m  OK  [0m] Started Daily apt upgrade and clean activities.
[[0;32m  OK  [0m] Reached target Timers.
[[0;32m  OK  [0m] Reached target Cloud-config availability.
[[0;32m  OK  [0m] Started Availability of block devices.
[[0;32m  OK  [0m] Listening on LXD - unix socket.
[[0;32m  OK  [0m] Listening on Socket activation for snappy daemon.
[[0;32m  OK  [0m] Reached target Sockets.
[[0;32m  OK  [0m] Reached target Basic System.
[[0;32m  OK  [0m] Started FUSE filesystem for LXC.
[[0;32m  OK  [0m] Started Deferred execution scheduler.
         Starting Permit User Sessions...
         Starting System Logging Service...
         Starting Dispatcher daemon for systemd-networkd...
         Starting Snap Daemon...
         Starting Accounts Service...
         Starting LSB: Record successful boot for GRUB...
cloud-init[903]: [[0;32m  OK  [0m] Started D-Bus System Message Bus.
| o * ==+*o       |
[   37.480962] cloud-init[903]: |  B +.=.=..      |
[   37.495074] cloud-init[903]: |.+...o * +       |
[   37.505424] cloud-init[903]: |+o.E.   S        |
[   37.519041] cloud-init[903]: |oo*o.  o .       |
[   37.538043] cloud-init[903]: |.o o. .          |
[   37.547504] cloud-init[903]: |o                |
[   37.558295] cloud-init[903]: |..               |
[   37.575778] cloud-init[903]: +----[SHA256]-----+
[   37.591077] cloud-init[903]: Generating public/private dsa key pair.
[   37.606787] cloud-init[903]: Your identification has been saved in /etc/ssh/ssh_host_dsa_key.
[   37.641793] cloud-init[903]: Your public key has been saved in /etc/ssh/ssh_host_dsa_key.pub.
[   37.651877] cloud-init[903]: The key fingerprint is:
[   37.667293] cloud-init[903]: SHA256:LNiYWvha9yWXV5z6h48Z1ioihS1AQ/DiC3dciQ3bduc root@ubuntu-bionic
[   37.691384] cloud-init[903]: The key's randomart image is:
[   37.700864] cloud-init[903]: +---[DSA 1024]----+
[   37.714549] cloud-init[903]: |    .oo          |
[   37.746809] cloud-init[903]: |     .o* .       |
[   37.793700] cloud-init[903]: |    ..+.* . .    |[[0;32m  OK  [0m] Started Regular background program processing daemon.
         Starting Login Service...
[[0;32m  OK  [0m] Reached target Login Prompts (Pre).
         Starting Virtualbox guest utils...

[   37.867141] cloud-init[903]: |   o B.+ . o . . |
         Starting Pollinate to seed the pseudo random number generator...
         Starting LSB: automatic crash report generation...
[[0;32m  OK  [0m] Started irqbalance daemon.
         Starting LXD - container startup/shutdown...
[   37.955745] cloud-init[903]: |  o B =.So  E +  |[[0;32m  OK  [0m] Started System Logging Service.
[[0;32m  OK  [0m] Started Permit User Sessions.

[   38.010482] cloud-init[903]: |   * o .o o. o . |
[   38.057995] cloud-init[903]: |  . + . .o+ o o..|
[   38.079471] cloud-init[903]: |   o . ..+...o.=.|
[   38.105103] cloud-init[903]: |  .     .. . .=o.|
[   38.118181] cloud-init[903]: +----[SHA256]-----+
[   38.134649] cloud-init[903]: Generating public/private ecdsa key pair.
[   38.142227] cloud-init[903]: Your identification has been saved in /etc/ssh/ssh_host_ecdsa_key.
         Starting Authorization Manager...
         Starting Hold until boot process finishes up...
         Starting Terminate Plymouth Boot Screen...
[[0;32m  OK  [0m] Started Hold until boot process finishes up.
[   38.203933] cloud-init[903]: Your public key has been saved in /etc/ssh/ssh_host_ecdsa_key.pub.         Starting Set console scheme...
[[0;32m  OK  [0m] Started Serial Getty on ttyS0.

[   38.232592] cloud-init[[0;32m  OK  [0m] Started Terminate Plymouth Boot Screen.
[903]: The key fingerprint is:
[   38.301125] cloud-init[903]: SHA256:S40pjAPbEHvSzL0XlMCLEkaIl5L6e5tMjfU78Otin7M root@ubuntu-bionic
[   38.311692] cloud-init[903]: The key's randomart image is:
[   38.317567] cloud-init[903]: +---[ECDSA 256]---+
[   38.323625] cloud-init[903]: |.+o. .....       |
[   38.329035] cloud-init[903]: |= =* ....        |
[   38.332802] cloud-init[903]: |.+=.=....        |
[   38.335153] cloud-init[903]: |. .B.o.. =       |
[   38.337231] cloud-init[903]: | ...+ = S .      |
[   38.341295] cloud-init[903]: |  .  =.= .       |
[   38.344571] cloud-init[903]: |   .o .oo        |
[   38.347582] cloud-init[903]: |  .o..o +o       |
[   38.350552] cloud-init[903]: |   .+o +E=       |
[   38.354774] cloud-init[903]: +----[SHA256]-----+
[   38.358554] cloud-init[903]: Generating public/private ed25519 key pair.
[   38.366541] cloud-init[903]: Your identification has been saved in /etc/ssh/ssh_host_ed25519_key.
[   38.375193] cloud-init[903]: Your public key has been saved in /etc/ssh/ssh_host_ed25519_key.pub.
[   38.384699] cloud-init[903]: The key fingerprint is:
[   38.390101] cloud-init[903]: SHA256:Ty1Y2tb4czrac+JB8Tr0RNY+MMB4ms/R3ER2DLnxDGc root@ubuntu-bionic
[   38.398472] cloud-init[903]: The key's randomart image is:
[   38.403557] cloud-init[903]: +--[ED25519 256]--+
[   38.422822] cloud-init[903]: |          o.  o*.|
[   38.429224] cloud-init[903]: |         . o. =oE|
[   38.438937] cloud-init[903]: |          = +o=O.|[[0;32m  OK  [0m] Started Set console scheme.
[[0;32m  OK  [0m] Created slice system-getty.slice.

[[0;32m  OK  [0m] Started Getty on tty1.
[[0;32m  OK  [0m] Reached target Login Prompts.
[   38.471059] cloud-init[903]: |         B = B+oo|
[   38.483355] [[0;32m  OK  [0m] Started Login Service.
cloud-init[903]: |        S O * o..|
[   38.505807] [[0;32m  OK  [0m] Started Unattended Upgrades Shutdown.
cloud-init[903]: |         + B +  .|
[   38.517580] cloud-init[903]: |          . * o  |
[   38.526579] cloud-init[903]: |           .+*.  |
[   38.540477] cloud-init[903]: |          .o+=   |
[   38.560853] cloud-init[[0;32m  OK  [0m] Started LSB: Record successful boot for GRUB.
[[0;32m  OK  [0m] Started LSB: automatic crash report generation.
[903]: +----[SHA256]-----+
[[0;32m  OK  [0m] Started Authorization Manager.
[[0;32m  OK  [0m] Started Accounts Service.
[[0;32m  OK  [0m] Started Virtualbox guest utils.
[[0;32m  OK  [0m] Started LXD - container startup/shutdown.
[[0;32m  OK  [0m] Started Dispatcher daemon for systemd-networkd.
[[0;32m  OK  [0m] Started Pollinate to seed the pseudo random number generator.
         Starting OpenBSD Secure Shell server...
[[0;32m  OK  [0m] Started Snap Daemon.
         Starting Wait until snapd is fully seeded...
[[0;32m  OK  [0m] Started OpenBSD Secure Shell server.
[[0;32m  OK  [0m] Created slice User Slice of vagrant.
         Starting User Manager for UID 1000...
[[0;32m  OK  [0m] Started Session 1 of user vagrant.
[[0;32m  OK  [0m] Started User Manager for UID 1000.
         Starting Time & Date Service...
[[0;32m  OK  [0m] Started Time & Date Service.

Ubuntu 18.04.6 LTS ubuntu-bionic ttyS0

ubuntu-bionic login: [   48.522822] cloud-init[1435]: Cloud-init v. 23.1.2-0ubuntu0~18.04.1 running 'modules:config' at Wed, 30 Oct 2024 08:45:48 +0000. Up 46.68 seconds.
ci-info: no authorized SSH keys fingerprints found for user ubuntu.
<14>Oct 30 08:45:52 cloud-init: #############################################################
<14>Oct 30 08:45:52 cloud-init: -----BEGIN SSH HOST KEY FINGERPRINTS-----
<14>Oct 30 08:45:52 cloud-init: 1024 SHA256:LNiYWvha9yWXV5z6h48Z1ioihS1AQ/DiC3dciQ3bduc root@ubuntu-bionic (DSA)
<14>Oct 30 08:45:52 cloud-init: 256 SHA256:S40pjAPbEHvSzL0XlMCLEkaIl5L6e5tMjfU78Otin7M root@ubuntu-bionic (ECDSA)
<14>Oct 30 08:45:52 cloud-init: 256 SHA256:Ty1Y2tb4czrac+JB8Tr0RNY+MMB4ms/R3ER2DLnxDGc root@ubuntu-bionic (ED25519)
<14>Oct 30 08:45:52 cloud-init: 2048 SHA256:qZW0PNQg4SeNBn3YkAFqYxnmui4BfxLKPQWHV0+iqmU root@ubuntu-bionic (RSA)
<14>Oct 30 08:45:52 cloud-init: -----END SSH HOST KEY FINGERPRINTS-----
<14>Oct 30 08:45:52 cloud-init: #############################################################
-----BEGIN SSH HOST KEY KEYS-----
ecdsa-sha2-nistp256 AAAAE2VjZHNhLXNoYTItbmlzdHAyNTYAAAAIbmlzdHAyNTYAAABBBK6nziCIAmq/fEDk4s2ZE3zbRAARWljtJEHNA5N2/cpPjCfBPU0J0E/x31eo5zZrPhKImvRgPmaTl8rRjPzwWXQ= root@ubuntu-bionic
ssh-ed25519 AAAAC3NzaC1lZDI1NTE5AAAAIDmhMpklo4dmW085kmq80w2+PxQlpIRC0+YR52eW3xJ+ root@ubuntu-bionic
ssh-rsa AAAAB3NzaC1yc2EAAAADAQABAAABAQDKMGVCxnH0HaVErkBo1Vb+btXfI+WH7/I/mrxtGZgr5xPhz8ajqg0SM7212j5E+2FgeDOa0gsQ0zl90ea02LP9CrflsO9Xu+0k9HJ2FH2Y4Au+nh6vZuwh7Ul3XRn99E604590g4V0gHXpXRWeEinhNXBYo/rRPLjna3WXkoHlkFFU6FANfoNvXlTSXTYTZyK5GmQ4c+5VpUbyBf5Ypzu3r37xWzKGBBQi62qx1tcknhTyytQHTefWXu5+5/FlN5w7fXvxeSB19sa4GLyYX7VkxHs1CEknkbKFCJrfbvYL+c8MgVAdzJ8h4pvWzBOxOtXW7k/KylJ8xlRaHbsVyEiZ root@ubuntu-bionic
-----END SSH HOST KEY KEYS-----
[   50.573264] cloud-init[1581]: Cloud-init v. 23.1.2-0ubuntu0~18.04.1 running 'modules:final' at Wed, 30 Oct 2024 08:45:52 +0000. Up 49.91 seconds.
[   50.596647] cloud-init[1581]: Cloud-init v. 23.1.2-0ubuntu0~18.04.1 finished at Wed, 30 Oct 2024 08:45:52 +0000. Datasource DataSourceNoCloud [seed=/dev/sdb][dsmode=net].  Up 50.48 seconds
[  685.015435] INFO: rcu_sched self-detected stall on CPU
[  685.015773] INFO: rcu_sched self-detected stall on CPU
[  685.022966] 	0-...!: (1 ticks this GP) idle=b6e/2/0 softirq=63247/63247 fqs=0 
[  685.022971] 	 (t=61603 jiffies g=18102 c=18101 q=34)
[  685.029097] 	1-...!: (1 GPs behind) idle=cea/140000000000001/0 softirq=57149/57150 fqs=0 
[  685.034940] rcu_sched kthread starved for 61603 jiffies! g18102 c18101 f0x0 RCU_GP_WAIT_FQS(3) ->state=0x402 ->cpu=0
[  685.039326] 	 (t=61603 jiffies g=18102 c=18101 q=34)
[  685.060441] rcu_sched kthread starved for 61603 jiffies! g18102 c18101 f0x0 RCU_GP_WAIT_FQS(3) ->state=0x402 ->cpu=0
